INFO:sanic.server:Starting worker [1363]
INFO:sanic.server:Stopping worker [1363]
ERROR:sanic.error:[Errno 104] Connection reset by peer
Traceback (most recent call last):
  File "/home/le/aoc/.venv/lib/python3.12/site-packages/sanic/worker/serve.py", line 121, in worker_serve
    return _serve_http_1(
           ^^^^^^^^^^^^^^
  File "/home/le/aoc/.venv/lib/python3.12/site-packages/sanic/server/runners.py", line 304, in _serve_http_1
    _run_server_forever(
  File "/home/le/aoc/.venv/lib/python3.12/site-packages/sanic/server/runners.py", line 190, in _run_server_forever
    cleanup()
  File "/home/le/aoc/.venv/lib/python3.12/site-packages/sanic/server/runners.py", line 299, in _cleanup
    app.set_serving(False)
  File "/home/le/aoc/.venv/lib/python3.12/site-packages/sanic/app.py", line 2423, in set_serving
    self.multiplexer.set_serving(serving)
  File "/home/le/aoc/.venv/lib/python3.12/site-packages/sanic/worker/multiplexer.py", line 91, in set_serving
    **self._state._state[self.name],
      ~~~~~~~~~~~~~~~~~~^^^^^^^^^^^
  File "<string>", line 2, in __getitem__
  File "/home/le/.local/share/uv/python/cpython-3.12.11-linux-x86_64-gnu/lib/python3.12/multiprocessing/managers.py", line 828, in _callmethod
    kind, result = conn.recv()
                   ^^^^^^^^^^^
  File "/home/le/.local/share/uv/python/cpython-3.12.11-linux-x86_64-gnu/lib/python3.12/multiprocessing/connection.py", line 250, in recv
    buf = self._recv_bytes()
          ^^^^^^^^^^^^^^^^^^
  File "/home/le/.local/share/uv/python/cpython-3.12.11-linux-x86_64-gnu/lib/python3.12/multiprocessing/connection.py", line 430, in _recv_bytes
    buf = self._recv(4)
          ^^^^^^^^^^^^^
  File "/home/le/.local/share/uv/python/cpython-3.12.11-linux-x86_64-gnu/lib/python3.12/multiprocessing/connection.py", line 395, in _recv
    chunk = read(handle, remaining)
            ^^^^^^^^^^^^^^^^^^^^^^^
ConnectionResetError: [Errno 104] Connection reset by peer
INFO:sanic.root:Sanic v25.3.0
INFO:sanic.root:Goin' Fast @ aoc.sock http://...
INFO:sanic.root:app: __main__
INFO:sanic.root:mode: production, single worker
INFO:sanic.root:server: sanic, HTTP/1.1
INFO:sanic.root:python: 3.12.11
INFO:sanic.root:platform: Linux-6.1.0-41-cloud-amd64-x86_64-with-glibc2.36
INFO:sanic.root:auto-reload: enabled
INFO:sanic.root:packages: sanic-routing==23.12.0
INFO:sanic.server:Starting worker [1422]
INFO:__mp_main__:
<body class="gc">
<div id="inst">Instruction: L68</div>
<div id="cross">1</div>
</body>

INFO:__mp_main__:
<body class="gc">
<div id="inst">Instruction: L30</div>
<div id="cross">1</div>
</body>

INFO:__mp_main__:
<body class="gc">
<div id="inst">Instruction: R48</div>
<div id="cross">2</div>
</body>

INFO:__mp_main__:
<body class="gc">
<div id="inst">Instruction: L05</div>
<div id="cross">2</div>
</body>

INFO:__mp_main__:
<body class="gc">
<div id="inst">Instruction: R60</div>
<div id="cross">3</div>
</body>

INFO:__mp_main__:
<body class="gc">
<div id="inst">Instruction: L55</div>
<div id="cross">4</div>
</body>

INFO:__mp_main__:
<body class="gc">
<div id="inst">Instruction: L01</div>
<div id="cross">4</div>
</body>

INFO:__mp_main__:
<body class="gc">
<div id="inst">Instruction: L99</div>
<div id="cross">5</div>
</body>

INFO:__mp_main__:
<body class="gc">
<div id="inst">Instruction: R14</div>
<div id="cross">5</div>
</body>

INFO:__mp_main__:
<body class="gc">
<div id="inst">Instruction: L82</div>
<div id="cross">6</div>
</body>

INFO:__mp_main__:Another good solve sir!
INFO:sanic.server:Stopping worker [1422]
INFO:sanic.server:Worker complete [1422]
INFO:sanic.server:Starting worker [1472]
INFO:sanic.server:Stopping worker [1472]
INFO:sanic.server:Worker complete [1472]
INFO:sanic.server:Starting worker [1475]
INFO:__mp_main__:
<body class="gc">
<div id="inst">Instruction: L68</div>
<div id="cross">1</div>
</body>

INFO:__mp_main__:
<body class="gc">
<div id="inst">Instruction: L30</div>
<div id="cross">1</div>
</body>

INFO:__mp_main__:
<body class="gc">
<div id="inst">Instruction: R48</div>
<div id="cross">2</div>
</body>

INFO:__mp_main__:
<body class="gc">
<div id="inst">Instruction: L05</div>
<div id="cross">2</div>
</body>

INFO:__mp_main__:
<body class="gc">
<div id="inst">Instruction: R60</div>
<div id="cross">3</div>
</body>

INFO:__mp_main__:
<body class="gc">
<div id="inst">Instruction: L55</div>
<div id="cross">4</div>
</body>

INFO:__mp_main__:
<body class="gc">
<div id="inst">Instruction: L01</div>
<div id="cross">4</div>
</body>

INFO:__mp_main__:
<body class="gc">
<div id="inst">Instruction: L99</div>
<div id="cross">5</div>
</body>

INFO:__mp_main__:
<body class="gc">
<div id="inst">Instruction: R14</div>
<div id="cross">5</div>
</body>

INFO:__mp_main__:
<body class="gc">
<div id="inst">Instruction: L82</div>
<div id="cross">6</div>
</body>

INFO:__mp_main__:Another good solve sir!
INFO:sanic.server:Stopping worker [1475]
INFO:sanic.server:Worker complete [1475]
INFO:sanic.server:Starting worker [1505]
INFO:__mp_main__:
<body class="gc">
<div id="inst">Instruction: L68</div>
<div id="cross">1</div>
<div id="totoform"></div>
</body>

INFO:__mp_main__:
<body class="gc">
<div id="inst">Instruction: L30</div>
<div id="cross">1</div>
<div id="totoform"></div>
</body>

INFO:__mp_main__:
<body class="gc">
<div id="inst">Instruction: R48</div>
<div id="cross">2</div>
<div id="totoform"></div>
</body>

INFO:__mp_main__:
<body class="gc">
<div id="inst">Instruction: L05</div>
<div id="cross">2</div>
<div id="totoform"></div>
</body>

INFO:__mp_main__:
<body class="gc">
<div id="inst">Instruction: R60</div>
<div id="cross">3</div>
<div id="totoform"></div>
</body>

INFO:__mp_main__:
<body class="gc">
<div id="inst">Instruction: L55</div>
<div id="cross">4</div>
<div id="totoform"></div>
</body>

INFO:__mp_main__:
<body class="gc">
<div id="inst">Instruction: L01</div>
<div id="cross">4</div>
<div id="totoform"></div>
</body>

INFO:__mp_main__:
<body class="gc">
<div id="inst">Instruction: L99</div>
<div id="cross">5</div>
<div id="totoform"></div>
</body>

INFO:__mp_main__:
<body class="gc">
<div id="inst">Instruction: R14</div>
<div id="cross">5</div>
<div id="totoform"></div>
</body>

INFO:__mp_main__:
<body class="gc">
<div id="inst">Instruction: L82</div>
<div id="cross">6</div>
<div id="totoform"></div>
</body>

INFO:__mp_main__:Another good solve sir!
INFO:__mp_main__:
<body class="gc">
<div id="inst">Instruction: L68</div>
<div id="cross">1</div>
<div id="totoform"></div>
</body>

INFO:__mp_main__:
<body class="gc">
<div id="inst">Instruction: L30</div>
<div id="cross">1</div>
<div id="totoform"></div>
</body>

INFO:__mp_main__:
<body class="gc">
<div id="inst">Instruction: R48</div>
<div id="cross">2</div>
<div id="totoform"></div>
</body>

INFO:__mp_main__:
<body class="gc">
<div id="inst">Instruction: L05</div>
<div id="cross">2</div>
<div id="totoform"></div>
</body>

INFO:__mp_main__:
<body class="gc">
<div id="inst">Instruction: R60</div>
<div id="cross">3</div>
<div id="totoform"></div>
</body>

INFO:__mp_main__:
<body class="gc">
<div id="inst">Instruction: L55</div>
<div id="cross">4</div>
<div id="totoform"></div>
</body>

INFO:__mp_main__:
<body class="gc">
<div id="inst">Instruction: L01</div>
<div id="cross">4</div>
<div id="totoform"></div>
</body>

INFO:__mp_main__:
<body class="gc">
<div id="inst">Instruction: L99</div>
<div id="cross">5</div>
<div id="totoform"></div>
</body>

INFO:__mp_main__:
<body class="gc">
<div id="inst">Instruction: R14</div>
<div id="cross">5</div>
<div id="totoform"></div>
</body>

INFO:__mp_main__:
<body class="gc">
<div id="inst">Instruction: L82</div>
<div id="cross">6</div>
<div id="totoform"></div>
</body>

INFO:__mp_main__:Another good solve sir!
INFO:sanic.server:Stopping worker [1505]
INFO:sanic.server:Worker complete [1505]
INFO:sanic.server:Starting worker [1510]
INFO:__mp_main__:
<body class="gc">
<div id="inst">Instruction: L68</div>
<div id="cross">1</div>
<form id="totoform" data-preserve-attr></form>
</body>

INFO:__mp_main__:
<body class="gc">
<div id="inst">Instruction: L30</div>
<div id="cross">1</div>
<form id="totoform" data-preserve-attr></form>
</body>

INFO:__mp_main__:
<body class="gc">
<div id="inst">Instruction: R48</div>
<div id="cross">2</div>
<form id="totoform" data-preserve-attr></form>
</body>

INFO:__mp_main__:
<body class="gc">
<div id="inst">Instruction: L05</div>
<div id="cross">2</div>
<form id="totoform" data-preserve-attr></form>
</body>

INFO:__mp_main__:
<body class="gc">
<div id="inst">Instruction: R60</div>
<div id="cross">3</div>
<form id="totoform" data-preserve-attr></form>
</body>

INFO:__mp_main__:
<body class="gc">
<div id="inst">Instruction: L55</div>
<div id="cross">4</div>
<form id="totoform" data-preserve-attr></form>
</body>

INFO:__mp_main__:
<body class="gc">
<div id="inst">Instruction: L01</div>
<div id="cross">4</div>
<form id="totoform" data-preserve-attr></form>
</body>

INFO:__mp_main__:
<body class="gc">
<div id="inst">Instruction: L99</div>
<div id="cross">5</div>
<form id="totoform" data-preserve-attr></form>
</body>

INFO:__mp_main__:
<body class="gc">
<div id="inst">Instruction: R14</div>
<div id="cross">5</div>
<form id="totoform" data-preserve-attr></form>
</body>

INFO:__mp_main__:
<body class="gc">
<div id="inst">Instruction: L82</div>
<div id="cross">6</div>
<form id="totoform" data-preserve-attr></form>
</body>

INFO:__mp_main__:Another good solve sir!
INFO:sanic.server:Stopping worker [1510]
INFO:sanic.server:Worker complete [1510]
INFO:sanic.server:Starting worker [1516]
INFO:sanic.server:Stopping worker [1516]
INFO:sanic.server:Worker complete [1516]
INFO:sanic.server:Starting worker [1519]
INFO:__mp_main__:
<body class="gc">
<div id="inst">Instruction: L68</div>
<div id="cross">1</div>
<form id="totoform" data-preserve-attr></form>
</body>

INFO:__mp_main__:
<body class="gc">
<div id="inst">Instruction: L30</div>
<div id="cross">1</div>
<form id="totoform" data-preserve-attr></form>
</body>

INFO:__mp_main__:
<body class="gc">
<div id="inst">Instruction: R48</div>
<div id="cross">2</div>
<form id="totoform" data-preserve-attr></form>
</body>

INFO:__mp_main__:
<body class="gc">
<div id="inst">Instruction: L05</div>
<div id="cross">2</div>
<form id="totoform" data-preserve-attr></form>
</body>

INFO:__mp_main__:
<body class="gc">
<div id="inst">Instruction: R60</div>
<div id="cross">3</div>
<form id="totoform" data-preserve-attr></form>
</body>

INFO:__mp_main__:
<body class="gc">
<div id="inst">Instruction: L55</div>
<div id="cross">4</div>
<form id="totoform" data-preserve-attr></form>
</body>

INFO:__mp_main__:
<body class="gc">
<div id="inst">Instruction: L01</div>
<div id="cross">4</div>
<form id="totoform" data-preserve-attr></form>
</body>

INFO:__mp_main__:
<body class="gc">
<div id="inst">Instruction: L99</div>
<div id="cross">5</div>
<form id="totoform" data-preserve-attr></form>
</body>

INFO:__mp_main__:
<body class="gc">
<div id="inst">Instruction: R14</div>
<div id="cross">5</div>
<form id="totoform" data-preserve-attr></form>
</body>

INFO:__mp_main__:
<body class="gc">
<div id="inst">Instruction: L82</div>
<div id="cross">6</div>
<form id="totoform" data-preserve-attr></form>
</body>

INFO:__mp_main__:Another good solve sir!
INFO:sanic.server:Stopping worker [1519]
INFO:sanic.server:Worker complete [1519]
INFO:sanic.server:Starting worker [1538]
